[0.787s] Invoking command in '/home/lotus/ros2_ws/src/my_py_pkg': PYTHONPATH=/home/lotus/ros2_ws/build/my_py_pkg/prefix_override:/usr/lib/python3/dist-packages/colcon_core/task/python/colcon_distutils_commands:/home/lotus/ros2_ws/install/my_py_pkg/lib/python3.10/site-packages:${PYTHONPATH} /usr/bin/python3 -W ignore:setup.py install is deprecated -W ignore:easy_install command is deprecated setup.py egg_info --egg-base ../../build/my_py_pkg build --build-base /home/lotus/ros2_ws/build/my_py_pkg/build install --record /home/lotus/ros2_ws/build/my_py_pkg/install.log --single-version-externally-managed install_data
[1.073s] running egg_info
[1.074s] writing ../../build/my_py_pkg/my_py_pkg.egg-info/PKG-INFO
[1.074s] writing dependency_links to ../../build/my_py_pkg/my_py_pkg.egg-info/dependency_links.txt
[1.074s] writing entry points to ../../build/my_py_pkg/my_py_pkg.egg-info/entry_points.txt
[1.075s] writing requirements to ../../build/my_py_pkg/my_py_pkg.egg-info/requires.txt
[1.075s] writing top-level names to ../../build/my_py_pkg/my_py_pkg.egg-info/top_level.txt
[1.077s] reading manifest file '../../build/my_py_pkg/my_py_pkg.egg-info/SOURCES.txt'
[1.078s] writing manifest file '../../build/my_py_pkg/my_py_pkg.egg-info/SOURCES.txt'
[1.078s] running build
[1.078s] running build_py
[1.078s] copying my_py_pkg/my_first_node.py -> /home/lotus/ros2_ws/build/my_py_pkg/build/lib/my_py_pkg
[1.079s] running install
[1.079s] running install_lib
[1.080s] copying /home/lotus/ros2_ws/build/my_py_pkg/build/lib/my_py_pkg/my_first_node.py -> /home/lotus/ros2_ws/install/my_py_pkg/lib/python3.10/site-packages/my_py_pkg
[1.081s] byte-compiling /home/lotus/ros2_ws/install/my_py_pkg/lib/python3.10/site-packages/my_py_pkg/my_first_node.py to my_first_node.cpython-310.pyc
[1.082s] running install_data
[1.082s] running install_egg_info
[1.085s] removing '/home/lotus/ros2_ws/install/my_py_pkg/lib/python3.10/site-packages/my_py_pkg-0.0.0-py3.10.egg-info' (and everything under it)
[1.085s] Copying ../../build/my_py_pkg/my_py_pkg.egg-info to /home/lotus/ros2_ws/install/my_py_pkg/lib/python3.10/site-packages/my_py_pkg-0.0.0-py3.10.egg-info
[1.086s] running install_scripts
[1.115s] Installing test_node_mtm script to /home/lotus/ros2_ws/install/my_py_pkg/lib/my_py_pkg
[1.115s] writing list of installed files to '/home/lotus/ros2_ws/build/my_py_pkg/install.log'
[1.170s] Invoked command in '/home/lotus/ros2_ws/src/my_py_pkg' returned '0': PYTHONPATH=/home/lotus/ros2_ws/build/my_py_pkg/prefix_override:/usr/lib/python3/dist-packages/colcon_core/task/python/colcon_distutils_commands:/home/lotus/ros2_ws/install/my_py_pkg/lib/python3.10/site-packages:${PYTHONPATH} /usr/bin/python3 -W ignore:setup.py install is deprecated -W ignore:easy_install command is deprecated setup.py egg_info --egg-base ../../build/my_py_pkg build --build-base /home/lotus/ros2_ws/build/my_py_pkg/build install --record /home/lotus/ros2_ws/build/my_py_pkg/install.log --single-version-externally-managed install_data
