[0.764s] Invoking command in '/home/lotus/ros2_ws/src/my_py_pkg': PYTHONPATH=/home/lotus/ros2_ws/build/my_py_pkg/prefix_override:/usr/lib/python3/dist-packages/colcon_core/task/python/colcon_distutils_commands:/home/lotus/ros2_ws/install/my_py_pkg/lib/python3.10/site-packages:${PYTHONPATH} /usr/bin/python3 -W ignore:setup.py install is deprecated -W ignore:easy_install command is deprecated setup.py egg_info --egg-base ../../build/my_py_pkg build --build-base /home/lotus/ros2_ws/build/my_py_pkg/build install --record /home/lotus/ros2_ws/build/my_py_pkg/install.log --single-version-externally-managed install_data
[1.045s] running egg_info
[1.045s] creating ../../build/my_py_pkg/my_py_pkg.egg-info
[1.046s] writing ../../build/my_py_pkg/my_py_pkg.egg-info/PKG-INFO
[1.046s] writing dependency_links to ../../build/my_py_pkg/my_py_pkg.egg-info/dependency_links.txt
[1.046s] writing entry points to ../../build/my_py_pkg/my_py_pkg.egg-info/entry_points.txt
[1.046s] writing requirements to ../../build/my_py_pkg/my_py_pkg.egg-info/requires.txt
[1.047s] writing top-level names to ../../build/my_py_pkg/my_py_pkg.egg-info/top_level.txt
[1.047s] writing manifest file '../../build/my_py_pkg/my_py_pkg.egg-info/SOURCES.txt'
[1.049s] reading manifest file '../../build/my_py_pkg/my_py_pkg.egg-info/SOURCES.txt'
[1.049s] writing manifest file '../../build/my_py_pkg/my_py_pkg.egg-info/SOURCES.txt'
[1.050s] running build
[1.050s] running build_py
[1.050s] creating /home/lotus/ros2_ws/build/my_py_pkg/build
[1.050s] creating /home/lotus/ros2_ws/build/my_py_pkg/build/lib
[1.050s] creating /home/lotus/ros2_ws/build/my_py_pkg/build/lib/my_py_pkg
[1.050s] copying my_py_pkg/__init__.py -> /home/lotus/ros2_ws/build/my_py_pkg/build/lib/my_py_pkg
[1.050s] running install
[1.051s] running install_lib
[1.051s] creating /home/lotus/ros2_ws/install/my_py_pkg/lib/python3.10/site-packages/my_py_pkg
[1.051s] copying /home/lotus/ros2_ws/build/my_py_pkg/build/lib/my_py_pkg/__init__.py -> /home/lotus/ros2_ws/install/my_py_pkg/lib/python3.10/site-packages/my_py_pkg
[1.052s] byte-compiling /home/lotus/ros2_ws/install/my_py_pkg/lib/python3.10/site-packages/my_py_pkg/__init__.py to __init__.cpython-310.pyc
[1.053s] running install_data
[1.053s] creating /home/lotus/ros2_ws/install/my_py_pkg/share/ament_index
[1.053s] creating /home/lotus/ros2_ws/install/my_py_pkg/share/ament_index/resource_index
[1.053s] creating /home/lotus/ros2_ws/install/my_py_pkg/share/ament_index/resource_index/packages
[1.053s] copying resource/my_py_pkg -> /home/lotus/ros2_ws/install/my_py_pkg/share/ament_index/resource_index/packages
[1.053s] copying package.xml -> /home/lotus/ros2_ws/install/my_py_pkg/share/my_py_pkg
[1.053s] running install_egg_info
[1.055s] Copying ../../build/my_py_pkg/my_py_pkg.egg-info to /home/lotus/ros2_ws/install/my_py_pkg/lib/python3.10/site-packages/my_py_pkg-0.0.0-py3.10.egg-info
[1.056s] running install_scripts
[1.083s] writing list of installed files to '/home/lotus/ros2_ws/build/my_py_pkg/install.log'
[1.127s] Invoked command in '/home/lotus/ros2_ws/src/my_py_pkg' returned '0': PYTHONPATH=/home/lotus/ros2_ws/build/my_py_pkg/prefix_override:/usr/lib/python3/dist-packages/colcon_core/task/python/colcon_distutils_commands:/home/lotus/ros2_ws/install/my_py_pkg/lib/python3.10/site-packages:${PYTHONPATH} /usr/bin/python3 -W ignore:setup.py install is deprecated -W ignore:easy_install command is deprecated setup.py egg_info --egg-base ../../build/my_py_pkg build --build-base /home/lotus/ros2_ws/build/my_py_pkg/build install --record /home/lotus/ros2_ws/build/my_py_pkg/install.log --single-version-externally-managed install_data
