[0.812s] Invoking command in '/home/lotus/ros2_ws/src/my_py_pkg': PYTHONPATH=/home/lotus/ros2_ws/build/my_py_pkg/prefix_override:/usr/lib/python3/dist-packages/colcon_core/task/python/colcon_distutils_commands:/home/lotus/ros2_ws/install/my_py_pkg/lib/python3.10/site-packages:${PYTHONPATH} /usr/bin/python3 -W ignore:setup.py install is deprecated -W ignore:easy_install command is deprecated setup.py egg_info --egg-base ../../build/my_py_pkg build --build-base /home/lotus/ros2_ws/build/my_py_pkg/build install --record /home/lotus/ros2_ws/build/my_py_pkg/install.log --single-version-externally-managed install_data
[1.103s] running egg_info
[1.104s] writing ../../build/my_py_pkg/my_py_pkg.egg-info/PKG-INFO
[1.104s] writing dependency_links to ../../build/my_py_pkg/my_py_pkg.egg-info/dependency_links.txt
[1.104s] writing entry points to ../../build/my_py_pkg/my_py_pkg.egg-info/entry_points.txt
[1.104s] writing requirements to ../../build/my_py_pkg/my_py_pkg.egg-info/requires.txt
[1.105s] writing top-level names to ../../build/my_py_pkg/my_py_pkg.egg-info/top_level.txt
[1.107s] reading manifest file '../../build/my_py_pkg/my_py_pkg.egg-info/SOURCES.txt'
[1.108s] writing manifest file '../../build/my_py_pkg/my_py_pkg.egg-info/SOURCES.txt'
[1.108s] running build
[1.109s] running build_py
[1.109s] copying my_py_pkg/my_first_node.py -> /home/lotus/ros2_ws/build/my_py_pkg/build/lib/my_py_pkg
[1.109s] copying my_py_pkg/number_publisher.py -> /home/lotus/ros2_ws/build/my_py_pkg/build/lib/my_py_pkg
[1.109s] running install
[1.109s] running install_lib
[1.111s] copying /home/lotus/ros2_ws/build/my_py_pkg/build/lib/my_py_pkg/my_first_node.py -> /home/lotus/ros2_ws/install/my_py_pkg/lib/python3.10/site-packages/my_py_pkg
[1.111s] copying /home/lotus/ros2_ws/build/my_py_pkg/build/lib/my_py_pkg/number_publisher.py -> /home/lotus/ros2_ws/install/my_py_pkg/lib/python3.10/site-packages/my_py_pkg
[1.112s] byte-compiling /home/lotus/ros2_ws/install/my_py_pkg/lib/python3.10/site-packages/my_py_pkg/my_first_node.py to my_first_node.cpython-310.pyc
[1.112s] byte-compiling /home/lotus/ros2_ws/install/my_py_pkg/lib/python3.10/site-packages/my_py_pkg/number_publisher.py to number_publisher.cpython-310.pyc
[1.113s] running install_data
[1.113s] copying package.xml -> /home/lotus/ros2_ws/install/my_py_pkg/share/my_py_pkg
[1.113s] running install_egg_info
[1.116s] removing '/home/lotus/ros2_ws/install/my_py_pkg/lib/python3.10/site-packages/my_py_pkg-0.0.0-py3.10.egg-info' (and everything under it)
[1.116s] Copying ../../build/my_py_pkg/my_py_pkg.egg-info to /home/lotus/ros2_ws/install/my_py_pkg/lib/python3.10/site-packages/my_py_pkg-0.0.0-py3.10.egg-info
[1.117s] running install_scripts
[1.146s] Installing test_node_mtm = my_py_pkg.my_first_node:mainnumber_publisher script to /home/lotus/ros2_ws/install/my_py_pkg/lib/my_py_pkg
[1.146s] writing list of installed files to '/home/lotus/ros2_ws/build/my_py_pkg/install.log'
[1.191s] Invoked command in '/home/lotus/ros2_ws/src/my_py_pkg' returned '0': PYTHONPATH=/home/lotus/ros2_ws/build/my_py_pkg/prefix_override:/usr/lib/python3/dist-packages/colcon_core/task/python/colcon_distutils_commands:/home/lotus/ros2_ws/install/my_py_pkg/lib/python3.10/site-packages:${PYTHONPATH} /usr/bin/python3 -W ignore:setup.py install is deprecated -W ignore:easy_install command is deprecated setup.py egg_info --egg-base ../../build/my_py_pkg build --build-base /home/lotus/ros2_ws/build/my_py_pkg/build install --record /home/lotus/ros2_ws/build/my_py_pkg/install.log --single-version-externally-managed install_data
