[0.519s] Invoking command in '/home/lotus/ros2_ws/src/my_py_pkg': PYTHONPATH=/home/lotus/ros2_ws/build/my_py_pkg/prefix_override:/usr/lib/python3/dist-packages/colcon_core/task/python/colcon_distutils_commands:/home/lotus/ros2_ws/install/my_py_pkg/lib/python3.10/site-packages:${PYTHONPATH} /usr/bin/python3 -W ignore:setup.py install is deprecated -W ignore:easy_install command is deprecated setup.py egg_info --egg-base ../../build/my_py_pkg build --build-base /home/lotus/ros2_ws/build/my_py_pkg/build install --record /home/lotus/ros2_ws/build/my_py_pkg/install.log --single-version-externally-managed install_data
[0.712s] running egg_info
[0.712s] writing ../../build/my_py_pkg/my_py_pkg.egg-info/PKG-INFO
[0.712s] writing dependency_links to ../../build/my_py_pkg/my_py_pkg.egg-info/dependency_links.txt
[0.712s] writing entry points to ../../build/my_py_pkg/my_py_pkg.egg-info/entry_points.txt
[0.713s] writing requirements to ../../build/my_py_pkg/my_py_pkg.egg-info/requires.txt
[0.713s] writing top-level names to ../../build/my_py_pkg/my_py_pkg.egg-info/top_level.txt
[0.714s] reading manifest file '../../build/my_py_pkg/my_py_pkg.egg-info/SOURCES.txt'
[0.715s] writing manifest file '../../build/my_py_pkg/my_py_pkg.egg-info/SOURCES.txt'
[0.716s] running build
[0.716s] running build_py
[0.716s] running install
[0.716s] running install_lib
[0.718s] running install_data
[0.718s] running install_egg_info
[0.719s] removing '/home/lotus/ros2_ws/install/my_py_pkg/lib/python3.10/site-packages/my_py_pkg-0.0.0-py3.10.egg-info' (and everything under it)
[0.720s] Copying ../../build/my_py_pkg/my_py_pkg.egg-info to /home/lotus/ros2_ws/install/my_py_pkg/lib/python3.10/site-packages/my_py_pkg-0.0.0-py3.10.egg-info
[0.721s] running install_scripts
[0.739s] Installing test_node_mtm = my_py_pkg.my_first_node:mainnumber_publisher script to /home/lotus/ros2_ws/install/my_py_pkg/lib/my_py_pkg
[0.739s] writing list of installed files to '/home/lotus/ros2_ws/build/my_py_pkg/install.log'
[0.767s] Invoked command in '/home/lotus/ros2_ws/src/my_py_pkg' returned '0': PYTHONPATH=/home/lotus/ros2_ws/build/my_py_pkg/prefix_override:/usr/lib/python3/dist-packages/colcon_core/task/python/colcon_distutils_commands:/home/lotus/ros2_ws/install/my_py_pkg/lib/python3.10/site-packages:${PYTHONPATH} /usr/bin/python3 -W ignore:setup.py install is deprecated -W ignore:easy_install command is deprecated setup.py egg_info --egg-base ../../build/my_py_pkg build --build-base /home/lotus/ros2_ws/build/my_py_pkg/build install --record /home/lotus/ros2_ws/build/my_py_pkg/install.log --single-version-externally-managed install_data
